<?xml version="1.0" encoding="UTF-8"?>
<!-- Generated by org.testng.reporters.JUnitReportReporter -->
<testsuite hostname="LTCH-5CD1184D98" failures="0" tests="1" name="pack1.SumValidation" time="2.277" errors="0" timestamp="2024-09-01T11:47:37 IST" skipped="0">
  <testcase classname="pack1.SumValidation" name="sumOfCourses" time="2.277"/>
  <system-out/>
</testsuite> <!-- pack1.SumValidation -->
