<?xml version="1.0" encoding="UTF-8"?>
<!-- Generated by org.testng.reporters.JUnitReportReporter -->
<testsuite hostname="PF3PD25E" failures="0" tests="3" name="files.DynamicJson" time="2.887" errors="0" timestamp="2024-09-02T00:14:53 PDT" skipped="0">
  <testcase classname="files.DynamicJson" name="addBook" time="2.029"/>
  <testcase classname="files.DynamicJson" name="addBook" time="0.404"/>
  <testcase classname="files.DynamicJson" name="addBook" time="0.454"/>
</testsuite> <!-- files.DynamicJson -->
