<?xml version="1.0" encoding="UTF-8"?>
<!-- Generated by org.testng.reporters.JUnitReportReporter -->
<testsuite hostname="PF3PD25E" failures="0" tests="1" name="pack1.SumValidation" time="1.266" errors="0" timestamp="2024-09-01T20:40:59 PDT" skipped="0">
  <testcase classname="pack1.SumValidation" name="sumOfCourses" time="1.266"/>
</testsuite> <!-- pack1.SumValidation -->
